<?xml version="1.0" encoding="UTF-8"?>
<testng-results ignored="16" total="44" passed="28" failed="0" skipped="0">
  <reporter-output>
  </reporter-output>
  <suite started-at="2018-08-23T03:39:35Z" name="Flight Purchase" finished-at="2018-08-23T03:43:11Z" duration-ms="216168">
    <groups>
      <group name="SplashScreen">
        <method signature="SplashScreen.ChooseCountryLanguage(java.lang.String, java.lang.String)[pri:0, instance:com.testing.traveloka.SplashScreen@74235045]" name="ChooseCountryLanguage" class="com.testing.traveloka.SplashScreen"/>
        <method signature="SplashScreen.SkipSplashScreen()[pri:0, instance:com.testing.traveloka.SplashScreen@74235045]" name="SkipSplashScreen" class="com.testing.traveloka.SplashScreen"/>
        <method signature="SplashScreen.ChooseCountryLanguage(java.lang.String, java.lang.String)[pri:0, instance:com.testing.traveloka.SplashScreen@44c03695]" name="ChooseCountryLanguage" class="com.testing.traveloka.SplashScreen"/>
        <method signature="SplashScreen.SkipSplashScreen()[pri:0, instance:com.testing.traveloka.SplashScreen@44c03695]" name="SkipSplashScreen" class="com.testing.traveloka.SplashScreen"/>
      </group> <!-- SplashScreen -->
    </groups>
    <test started-at="2018-08-23T03:39:35Z" name="001 Economy Flight Purchase -&gt; From Jakarta to Yogyakarta -&gt; Switch     -&gt; Search -&gt; Short by Earliest Departure -&gt; Print Result -&gt; Select First Flight     -&gt; Skip Booking Summary -&gt; Fill in Contact and Travel Details -&gt; Continue" finished-at="2018-08-23T03:41:22Z" duration-ms="107110">
      <class name="com.testing.traveloka.flights.SelectFlight">
        <test-method signature="SortBy(java.lang.String)[pri:0, instance:com.testing.traveloka.flights.SelectFlight@5e0e82ae]" started-at="2018-08-23T03:40:32Z" name="SortBy" finished-at="2018-08-23T03:40:38Z" duration-ms="5903" status="PASS">
          <params>
            <param index="0">
              <value>
                <![CDATA[Earliest departure]]>
              </value>
            </param>
          </params>
          <reporter-output>
          </reporter-output>
        </test-method> <!-- SortBy -->
        <test-method signature="PrintFlight()[pri:0, instance:com.testing.traveloka.flights.SelectFlight@5e0e82ae]" started-at="2018-08-23T03:40:38Z" name="PrintFlight" finished-at="2018-08-23T03:40:40Z" duration-ms="2196" status="PASS">
          <reporter-output>
          </reporter-output>
        </test-method> <!-- PrintFlight -->
        <test-method signature="SelectFlight(java.lang.String)[pri:0, instance:com.testing.traveloka.flights.SelectFlight@5e0e82ae]" started-at="2018-08-23T03:40:40Z" name="SelectFlight" finished-at="2018-08-23T03:40:41Z" duration-ms="1099" status="PASS">
          <params>
            <param index="0">
              <value is-null="true"/>
            </param>
          </params>
          <reporter-output>
          </reporter-output>
        </test-method> <!-- SelectFlight -->
      </class> <!-- com.testing.traveloka.flights.SelectFlight -->
      <class name="com.testing.traveloka.SplashScreen">
        <test-method is-config="true" signature="SetUp()[pri:0, instance:com.testing.traveloka.SplashScreen@74235045]" started-at="2018-08-23T03:39:35Z" name="SetUp" finished-at="2018-08-23T03:39:45Z" duration-ms="10161" status="PASS">
          <reporter-output>
          </reporter-output>
        </test-method> <!-- SetUp -->
        <test-method signature="ChooseCountryLanguage(java.lang.String, java.lang.String)[pri:0, instance:com.testing.traveloka.SplashScreen@74235045]" started-at="2018-08-23T03:39:45Z" name="ChooseCountryLanguage" finished-at="2018-08-23T03:39:54Z" duration-ms="8865" status="PASS">
          <params>
            <param index="0">
              <value is-null="true"/>
            </param>
            <param index="1">
              <value is-null="true"/>
            </param>
          </params>
          <reporter-output>
          </reporter-output>
        </test-method> <!-- ChooseCountryLanguage -->
        <test-method signature="SkipSplashScreen()[pri:0, instance:com.testing.traveloka.SplashScreen@74235045]" started-at="2018-08-23T03:39:54Z" name="SkipSplashScreen" finished-at="2018-08-23T03:40:07Z" depends-on-methods="com.testing.traveloka.SplashScreen.ChooseCountryLanguage" duration-ms="12401" status="PASS">
          <reporter-output>
          </reporter-output>
        </test-method> <!-- SkipSplashScreen -->
        <test-method is-config="true" signature="AfterTest()[pri:0, instance:com.testing.traveloka.SplashScreen@74235045]" started-at="2018-08-23T03:41:19Z" name="AfterTest" finished-at="2018-08-23T03:41:22Z" duration-ms="2899" status="PASS">
          <reporter-output>
          </reporter-output>
        </test-method> <!-- AfterTest -->
      </class> <!-- com.testing.traveloka.SplashScreen -->
      <class name="com.testing.traveloka.flights.SearchFlights">
        <test-method signature="SetOrigin(java.lang.String)[pri:0, instance:com.testing.traveloka.flights.SearchFlights@30c15d8b]" started-at="2018-08-23T03:40:12Z" name="SetOrigin" finished-at="2018-08-23T03:40:20Z" duration-ms="7858" status="PASS">
          <params>
            <param index="0">
              <value>
                <![CDATA[HLP]]>
              </value>
            </param>
          </params>
          <reporter-output>
          </reporter-output>
        </test-method> <!-- SetOrigin -->
        <test-method signature="SetDestination(java.lang.String)[pri:0, instance:com.testing.traveloka.flights.SearchFlights@30c15d8b]" started-at="2018-08-23T03:40:20Z" name="SetDestination" finished-at="2018-08-23T03:40:29Z" duration-ms="8593" status="PASS">
          <params>
            <param index="0">
              <value>
                <![CDATA[Yogyakarta]]>
              </value>
            </param>
          </params>
          <reporter-output>
          </reporter-output>
        </test-method> <!-- SetDestination -->
        <test-method signature="SwapOriginAndDestination()[pri:0, instance:com.testing.traveloka.flights.SearchFlights@30c15d8b]" started-at="2018-08-23T03:40:29Z" name="SwapOriginAndDestination" finished-at="2018-08-23T03:40:30Z" duration-ms="1102" status="PASS">
          <reporter-output>
          </reporter-output>
        </test-method> <!-- SwapOriginAndDestination -->
        <test-method signature="SearchFlights()[pri:0, instance:com.testing.traveloka.flights.SearchFlights@30c15d8b]" started-at="2018-08-23T03:40:30Z" name="SearchFlights" finished-at="2018-08-23T03:40:32Z" duration-ms="1947" status="PASS">
          <reporter-output>
          </reporter-output>
        </test-method> <!-- SearchFlights -->
      </class> <!-- com.testing.traveloka.flights.SearchFlights -->
      <class name="com.testing.traveloka.flights.BookingSummary">
        <test-method signature="Select()[pri:0, instance:com.testing.traveloka.flights.BookingSummary@6771beb3]" started-at="2018-08-23T03:40:41Z" name="Select" finished-at="2018-08-23T03:40:44Z" duration-ms="2505" status="PASS">
          <reporter-output>
          </reporter-output>
        </test-method> <!-- Select -->
      </class> <!-- com.testing.traveloka.flights.BookingSummary -->
      <class name="com.testing.traveloka.Home">
        <test-method signature="ClickFlight()[pri:0, instance:com.testing.traveloka.Home@2d3379b4]" started-at="2018-08-23T03:40:07Z" name="ClickFlight" finished-at="2018-08-23T03:40:12Z" duration-ms="5847" status="PASS">
          <reporter-output>
          </reporter-output>
        </test-method> <!-- ClickFlight -->
      </class> <!-- com.testing.traveloka.Home -->
      <class name="Book">
        <test-method signature="FillInContactDetails(java.lang.String, java.lang.String, java.lang.String, java.lang.String)[pri:0, instance:Book@51399530]" started-at="2018-08-23T03:40:44Z" name="FillInContactDetails" finished-at="2018-08-23T03:41:07Z" duration-ms="23194" status="PASS">
          <params>
            <param index="0">
              <value is-null="true"/>
            </param>
            <param index="1">
              <value is-null="true"/>
            </param>
            <param index="2">
              <value is-null="true"/>
            </param>
            <param index="3">
              <value is-null="true"/>
            </param>
          </params>
          <reporter-output>
          </reporter-output>
        </test-method> <!-- FillInContactDetails -->
        <test-method signature="TravelDetails(java.lang.String, java.lang.String, java.lang.String)[pri:0, instance:Book@51399530]" started-at="2018-08-23T03:41:07Z" name="TravelDetails" finished-at="2018-08-23T03:41:18Z" duration-ms="11657" status="PASS">
          <params>
            <param index="0">
              <value>
                <![CDATA[Adult 1]]>
              </value>
            </param>
            <param index="1">
              <value is-null="true"/>
            </param>
            <param index="2">
              <value is-null="true"/>
            </param>
          </params>
          <reporter-output>
          </reporter-output>
        </test-method> <!-- TravelDetails -->
        <test-method signature="Continue()[pri:0, instance:Book@51399530]" started-at="2018-08-23T03:41:18Z" name="Continue" finished-at="2018-08-23T03:41:19Z" depends-on-methods="Book.TravelDetails, Book.FillInContactDetails" duration-ms="795" status="PASS">
          <reporter-output>
          </reporter-output>
        </test-method> <!-- Continue -->
      </class> <!-- Book -->
    </test> <!-- 001 Economy Flight Purchase -> From Jakarta to Yogyakarta -> Switch     -> Search -> Short by Earliest Departure -> Print Result -> Select First Flight     -> Skip Booking Summary -> Fill in Contact and Travel Details -> Continue -->
    <test started-at="2018-08-23T03:41:22Z" name="002 Business Flight Purchase -&gt; From Surabaya to Bali -&gt; set date 25     -&gt; Search -&gt; Short by Lowest Price -&gt; Print Result -&gt; Select First Flight     -&gt; Skip Booking Summary -&gt; Fill in Contact and Travel Details -&gt; Continue" finished-at="2018-08-23T03:43:11Z" duration-ms="108776">
      <class name="com.testing.traveloka.flights.SelectFlight">
        <test-method signature="PrintFlight()[pri:0, instance:com.testing.traveloka.flights.SelectFlight@6a78afa0]" started-at="2018-08-23T03:42:23Z" name="PrintFlight" finished-at="2018-08-23T03:42:27Z" duration-ms="3142" status="PASS">
          <reporter-output>
          </reporter-output>
        </test-method> <!-- PrintFlight -->
        <test-method signature="SelectFlight(java.lang.String)[pri:0, instance:com.testing.traveloka.flights.SelectFlight@6a78afa0]" started-at="2018-08-23T03:42:27Z" name="SelectFlight" finished-at="2018-08-23T03:42:28Z" duration-ms="1106" status="PASS">
          <params>
            <param index="0">
              <value is-null="true"/>
            </param>
          </params>
          <reporter-output>
          </reporter-output>
        </test-method> <!-- SelectFlight -->
      </class> <!-- com.testing.traveloka.flights.SelectFlight -->
      <class name="com.testing.traveloka.SplashScreen">
        <test-method is-config="true" signature="SetUp()[pri:0, instance:com.testing.traveloka.SplashScreen@44c03695]" started-at="2018-08-23T03:41:22Z" name="SetUp" finished-at="2018-08-23T03:41:31Z" duration-ms="8121" status="PASS">
          <reporter-output>
          </reporter-output>
        </test-method> <!-- SetUp -->
        <test-method signature="ChooseCountryLanguage(java.lang.String, java.lang.String)[pri:0, instance:com.testing.traveloka.SplashScreen@44c03695]" started-at="2018-08-23T03:41:31Z" name="ChooseCountryLanguage" finished-at="2018-08-23T03:41:38Z" duration-ms="7000" status="PASS">
          <params>
            <param index="0">
              <value is-null="true"/>
            </param>
            <param index="1">
              <value is-null="true"/>
            </param>
          </params>
          <reporter-output>
          </reporter-output>
        </test-method> <!-- ChooseCountryLanguage -->
        <test-method signature="SkipSplashScreen()[pri:0, instance:com.testing.traveloka.SplashScreen@44c03695]" started-at="2018-08-23T03:41:38Z" name="SkipSplashScreen" finished-at="2018-08-23T03:41:49Z" depends-on-methods="com.testing.traveloka.SplashScreen.ChooseCountryLanguage" duration-ms="11090" status="PASS">
          <reporter-output>
          </reporter-output>
        </test-method> <!-- SkipSplashScreen -->
        <test-method is-config="true" signature="AfterTest()[pri:0, instance:com.testing.traveloka.SplashScreen@44c03695]" started-at="2018-08-23T03:43:08Z" name="AfterTest" finished-at="2018-08-23T03:43:11Z" duration-ms="2805" status="PASS">
          <reporter-output>
          </reporter-output>
        </test-method> <!-- AfterTest -->
      </class> <!-- com.testing.traveloka.SplashScreen -->
      <class name="com.testing.traveloka.flights.SearchFlights">
        <test-method signature="SetOrigin(java.lang.String)[pri:0, instance:com.testing.traveloka.flights.SearchFlights@dd05255]" started-at="2018-08-23T03:41:54Z" name="SetOrigin" finished-at="2018-08-23T03:42:02Z" duration-ms="7808" status="PASS">
          <params>
            <param index="0">
              <value>
                <![CDATA[Surabaya]]>
              </value>
            </param>
          </params>
          <reporter-output>
          </reporter-output>
        </test-method> <!-- SetOrigin -->
        <test-method signature="SetDestination(java.lang.String)[pri:0, instance:com.testing.traveloka.flights.SearchFlights@dd05255]" started-at="2018-08-23T03:42:02Z" name="SetDestination" finished-at="2018-08-23T03:42:10Z" duration-ms="8437" status="PASS">
          <params>
            <param index="0">
              <value>
                <![CDATA[Bali]]>
              </value>
            </param>
          </params>
          <reporter-output>
          </reporter-output>
        </test-method> <!-- SetDestination -->
        <test-method signature="SetDepartureDate(java.lang.String, java.lang.String, java.lang.String)[pri:0, instance:com.testing.traveloka.flights.SearchFlights@dd05255]" started-at="2018-08-23T03:42:10Z" name="SetDepartureDate" finished-at="2018-08-23T03:42:16Z" duration-ms="6098" status="PASS">
          <params>
            <param index="0">
              <value>
                <![CDATA[25]]>
              </value>
            </param>
            <param index="1">
              <value is-null="true"/>
            </param>
            <param index="2">
              <value is-null="true"/>
            </param>
          </params>
          <reporter-output>
          </reporter-output>
        </test-method> <!-- SetDepartureDate -->
        <test-method signature="SetSeatClass(java.lang.String)[pri:0, instance:com.testing.traveloka.flights.SearchFlights@dd05255]" started-at="2018-08-23T03:42:16Z" name="SetSeatClass" finished-at="2018-08-23T03:42:22Z" duration-ms="5848" status="PASS">
          <params>
            <param index="0">
              <value>
                <![CDATA[Business]]>
              </value>
            </param>
          </params>
          <reporter-output>
          </reporter-output>
        </test-method> <!-- SetSeatClass -->
        <test-method signature="SearchFlights()[pri:0, instance:com.testing.traveloka.flights.SearchFlights@dd05255]" started-at="2018-08-23T03:42:22Z" name="SearchFlights" finished-at="2018-08-23T03:42:23Z" duration-ms="1258" status="PASS">
          <reporter-output>
          </reporter-output>
        </test-method> <!-- SearchFlights -->
      </class> <!-- com.testing.traveloka.flights.SearchFlights -->
      <class name="com.testing.traveloka.flights.BookingSummary">
        <test-method signature="Select()[pri:0, instance:com.testing.traveloka.flights.BookingSummary@2f4948e4]" started-at="2018-08-23T03:42:28Z" name="Select" finished-at="2018-08-23T03:42:31Z" duration-ms="3301" status="PASS">
          <reporter-output>
          </reporter-output>
        </test-method> <!-- Select -->
      </class> <!-- com.testing.traveloka.flights.BookingSummary -->
      <class name="Book">
        <test-method signature="FillInContactDetails(java.lang.String, java.lang.String, java.lang.String, java.lang.String)[pri:0, instance:Book@1f2586d6]" started-at="2018-08-23T03:42:31Z" name="FillInContactDetails" finished-at="2018-08-23T03:42:55Z" duration-ms="23700" status="PASS">
          <params>
            <param index="0">
              <value is-null="true"/>
            </param>
            <param index="1">
              <value is-null="true"/>
            </param>
            <param index="2">
              <value is-null="true"/>
            </param>
            <param index="3">
              <value is-null="true"/>
            </param>
          </params>
          <reporter-output>
          </reporter-output>
        </test-method> <!-- FillInContactDetails -->
        <test-method signature="TravelDetails(java.lang.String, java.lang.String, java.lang.String)[pri:0, instance:Book@1f2586d6]" started-at="2018-08-23T03:42:55Z" name="TravelDetails" finished-at="2018-08-23T03:43:08Z" duration-ms="13001" status="PASS">
          <params>
            <param index="0">
              <value>
                <![CDATA[Adult 1]]>
              </value>
            </param>
            <param index="1">
              <value is-null="true"/>
            </param>
            <param index="2">
              <value is-null="true"/>
            </param>
          </params>
          <reporter-output>
          </reporter-output>
        </test-method> <!-- TravelDetails -->
        <test-method signature="Continue()[pri:0, instance:Book@1f2586d6]" started-at="2018-08-23T03:43:08Z" name="Continue" finished-at="2018-08-23T03:43:08Z" depends-on-methods="Book.TravelDetails, Book.FillInContactDetails" duration-ms="788" status="PASS">
          <reporter-output>
          </reporter-output>
        </test-method> <!-- Continue -->
      </class> <!-- Book -->
      <class name="com.testing.traveloka.Home">
        <test-method signature="ClickFlight()[pri:0, instance:com.testing.traveloka.Home@7e6f74c]" started-at="2018-08-23T03:41:49Z" name="ClickFlight" finished-at="2018-08-23T03:41:54Z" duration-ms="5253" status="PASS">
          <reporter-output>
          </reporter-output>
        </test-method> <!-- ClickFlight -->
      </class> <!-- com.testing.traveloka.Home -->
    </test> <!-- 002 Business Flight Purchase -> From Surabaya to Bali -> set date 25     -> Search -> Short by Lowest Price -> Print Result -> Select First Flight     -> Skip Booking Summary -> Fill in Contact and Travel Details -> Continue -->
  </suite> <!-- Flight Purchase -->
</testng-results>
