<?xml version="1.0" encoding="UTF-8"?>
<!-- Generated by org.testng.reporters.JUnitXMLReporter -->
<testsuite ignored="9" hostname="Ivans-MacBook-Pro.local" failures="0" tests="13" name="001 Flight Purchase -&gt; From Jakarta to Yogyakarta -&gt; Switch -&gt; Search -&gt; Short by Earliest Departure     -&gt; Print Result -&gt; Select First Flight" time="117.792" errors="0" timestamp="22 Aug 2018 21:43:03 GMT">
  <testcase classname="com.testing.traveloka.SplashScreen" name="ChooseCountryLanguage" time="9.697"/>
  <testcase classname="com.testing.traveloka.SplashScreen" name="SkipSplashScreen" time="11.197"/>
  <testcase classname="com.testing.traveloka.Home" name="ClickFlight" time="5.448"/>
  <testcase classname="com.testing.traveloka.flights.SearchFlights" name="SetOrigin" time="11.208"/>
  <testcase classname="com.testing.traveloka.flights.SearchFlights" name="SetDestination" time="10.092"/>
  <testcase classname="com.testing.traveloka.flights.SearchFlights" name="SearchFlights" time="1.998"/>
  <testcase classname="com.testing.traveloka.flights.SelectFlight" name="PrintFlight" time="12.047"/>
  <testcase classname="com.testing.traveloka.flights.SelectFlight" name="SortBy" time="1.454"/>
  <testcase classname="com.testing.traveloka.flights.SelectFlight" name="SelectFlight" time="3.145"/>
  <testcase classname="com.testing.traveloka.flights.BookingSummary" name="Select" time="1.05"/>
  <testcase classname="Book" name="FillInContactDetails" time="22.599"/>
  <testcase classname="Book" name="TravelDetails" time="12.003"/>
  <testcase classname="Book" name="Continue" time="0.751"/>
  <testcase classname="com.testing.traveloka.flights.SearchFlights" name="SetSeatClass" time="0.0">
    <ignored/>
  </testcase> <!-- SetSeatClass -->
  <testcase classname="com.testing.traveloka.flights.SearchFlights" name="SetDepartureDate" time="0.0">
    <ignored/>
  </testcase> <!-- SetDepartureDate -->
  <testcase classname="com.testing.traveloka.flights.SearchFlights" name="ReturnSwitch" time="0.0">
    <ignored/>
  </testcase> <!-- ReturnSwitch -->
  <testcase classname="com.testing.traveloka.flights.SelectFlight" name="SetFilter" time="0.0">
    <ignored/>
  </testcase> <!-- SetFilter -->
  <testcase classname="com.testing.traveloka.flights.SearchFlights" name="SetReturnDate" time="0.0">
    <ignored/>
  </testcase> <!-- SetReturnDate -->
  <testcase classname="com.testing.traveloka.flights.SearchFlights" name="SetPassenger" time="0.0">
    <ignored/>
  </testcase> <!-- SetPassenger -->
  <testcase classname="com.testing.traveloka.flights.SearchFlights" name="SwapOriginAndDestination" time="0.0">
    <ignored/>
  </testcase> <!-- SwapOriginAndDestination -->
  <testcase classname="com.testing.traveloka.flights.BookingSummary" name="AddAirportTransport" time="0.0">
    <ignored/>
  </testcase> <!-- AddAirportTransport -->
  <testcase classname="com.testing.traveloka.flights.BookingSummary" name="AddHotel" time="0.0">
    <ignored/>
  </testcase> <!-- AddHotel -->
</testsuite> <!-- 001 Flight Purchase -> From Jakarta to Yogyakarta -> Switch -> Search -> Short by Earliest Departure     -> Print Result -> Select First Flight -->
