<?xml version="1.0" encoding="UTF-8"?>
<!-- Generated by org.testng.reporters.JUnitXMLReporter -->
<testsuite ignored="8" hostname="Ivans-MacBook-Pro.local" failures="0" tests="14" name="001 Economy Flight Purchase -&gt; From Jakarta to Yogyakarta -&gt; Switch     -&gt; Search -&gt; Short by Earliest Departure -&gt; Print Result -&gt; Select First Flight     -&gt; Skip Booking Summary -&gt; Fill in Contact and Travel Details -&gt; Continue" time="107.11" errors="0" timestamp="23 Aug 2018 03:41:22 GMT">
  <testcase classname="com.testing.traveloka.SplashScreen" name="ChooseCountryLanguage" time="8.865"/>
  <testcase classname="com.testing.traveloka.SplashScreen" name="SkipSplashScreen" time="12.401"/>
  <testcase classname="com.testing.traveloka.Home" name="ClickFlight" time="5.847"/>
  <testcase classname="com.testing.traveloka.flights.SearchFlights" name="SetOrigin" time="7.858"/>
  <testcase classname="com.testing.traveloka.flights.SearchFlights" name="SetDestination" time="8.593"/>
  <testcase classname="com.testing.traveloka.flights.SearchFlights" name="SwapOriginAndDestination" time="1.102"/>
  <testcase classname="com.testing.traveloka.flights.SearchFlights" name="SearchFlights" time="1.947"/>
  <testcase classname="com.testing.traveloka.flights.SelectFlight" name="SortBy" time="5.903"/>
  <testcase classname="com.testing.traveloka.flights.SelectFlight" name="PrintFlight" time="2.196"/>
  <testcase classname="com.testing.traveloka.flights.SelectFlight" name="SelectFlight" time="1.099"/>
  <testcase classname="com.testing.traveloka.flights.BookingSummary" name="Select" time="2.505"/>
  <testcase classname="Book" name="FillInContactDetails" time="23.194"/>
  <testcase classname="Book" name="TravelDetails" time="11.657"/>
  <testcase classname="Book" name="Continue" time="0.795"/>
  <testcase classname="com.testing.traveloka.flights.SearchFlights" name="SetSeatClass" time="0.0">
    <ignored/>
  </testcase> <!-- SetSeatClass -->
  <testcase classname="com.testing.traveloka.flights.SearchFlights" name="SetDepartureDate" time="0.0">
    <ignored/>
  </testcase> <!-- SetDepartureDate -->
  <testcase classname="com.testing.traveloka.flights.SearchFlights" name="ReturnSwitch" time="0.0">
    <ignored/>
  </testcase> <!-- ReturnSwitch -->
  <testcase classname="com.testing.traveloka.flights.SelectFlight" name="SetFilter" time="0.0">
    <ignored/>
  </testcase> <!-- SetFilter -->
  <testcase classname="com.testing.traveloka.flights.SearchFlights" name="SetReturnDate" time="0.0">
    <ignored/>
  </testcase> <!-- SetReturnDate -->
  <testcase classname="com.testing.traveloka.flights.SearchFlights" name="SetPassenger" time="0.0">
    <ignored/>
  </testcase> <!-- SetPassenger -->
  <testcase classname="com.testing.traveloka.flights.BookingSummary" name="AddAirportTransport" time="0.0">
    <ignored/>
  </testcase> <!-- AddAirportTransport -->
  <testcase classname="com.testing.traveloka.flights.BookingSummary" name="AddHotel" time="0.0">
    <ignored/>
  </testcase> <!-- AddHotel -->
</testsuite> <!-- 001 Economy Flight Purchase -> From Jakarta to Yogyakarta -> Switch     -> Search -> Short by Earliest Departure -> Print Result -> Select First Flight     -> Skip Booking Summary -> Fill in Contact and Travel Details -> Continue -->
