<?xml version="1.0" encoding="UTF-8"?>
<!-- Generated by org.testng.reporters.JUnitXMLReporter -->
<testsuite ignored="8" hostname="Ivans-MacBook-Pro.local" failures="0" tests="14" name="002 Business Flight Purchase -&gt; From Surabaya to Bali -&gt; set date 25     -&gt; Search -&gt; Short by Lowest Price -&gt; Print Result -&gt; Select First Flight     -&gt; Skip Booking Summary -&gt; Fill in Contact and Travel Details -&gt; Continue" time="108.776" errors="0" timestamp="23 Aug 2018 03:43:11 GMT">
  <testcase classname="com.testing.traveloka.SplashScreen" name="ChooseCountryLanguage" time="7.0"/>
  <testcase classname="com.testing.traveloka.SplashScreen" name="SkipSplashScreen" time="11.09"/>
  <testcase classname="com.testing.traveloka.Home" name="ClickFlight" time="5.253"/>
  <testcase classname="com.testing.traveloka.flights.SearchFlights" name="SetOrigin" time="7.808"/>
  <testcase classname="com.testing.traveloka.flights.SearchFlights" name="SetDestination" time="8.437"/>
  <testcase classname="com.testing.traveloka.flights.SearchFlights" name="SetDepartureDate" time="6.098"/>
  <testcase classname="com.testing.traveloka.flights.SearchFlights" name="SetSeatClass" time="5.848"/>
  <testcase classname="com.testing.traveloka.flights.SearchFlights" name="SearchFlights" time="1.258"/>
  <testcase classname="com.testing.traveloka.flights.SelectFlight" name="PrintFlight" time="3.142"/>
  <testcase classname="com.testing.traveloka.flights.SelectFlight" name="SelectFlight" time="1.106"/>
  <testcase classname="com.testing.traveloka.flights.BookingSummary" name="Select" time="3.301"/>
  <testcase classname="Book" name="FillInContactDetails" time="23.7"/>
  <testcase classname="Book" name="TravelDetails" time="13.001"/>
  <testcase classname="Book" name="Continue" time="0.788"/>
  <testcase classname="com.testing.traveloka.flights.SearchFlights" name="ReturnSwitch" time="0.0">
    <ignored/>
  </testcase> <!-- ReturnSwitch -->
  <testcase classname="com.testing.traveloka.flights.SelectFlight" name="SetFilter" time="0.0">
    <ignored/>
  </testcase> <!-- SetFilter -->
  <testcase classname="com.testing.traveloka.flights.SearchFlights" name="SetReturnDate" time="0.0">
    <ignored/>
  </testcase> <!-- SetReturnDate -->
  <testcase classname="com.testing.traveloka.flights.SearchFlights" name="SetPassenger" time="0.0">
    <ignored/>
  </testcase> <!-- SetPassenger -->
  <testcase classname="com.testing.traveloka.flights.SearchFlights" name="SwapOriginAndDestination" time="0.0">
    <ignored/>
  </testcase> <!-- SwapOriginAndDestination -->
  <testcase classname="com.testing.traveloka.flights.SelectFlight" name="SortBy" time="0.0">
    <ignored/>
  </testcase> <!-- SortBy -->
  <testcase classname="com.testing.traveloka.flights.BookingSummary" name="AddAirportTransport" time="0.0">
    <ignored/>
  </testcase> <!-- AddAirportTransport -->
  <testcase classname="com.testing.traveloka.flights.BookingSummary" name="AddHotel" time="0.0">
    <ignored/>
  </testcase> <!-- AddHotel -->
</testsuite> <!-- 002 Business Flight Purchase -> From Surabaya to Bali -> set date 25     -> Search -> Short by Lowest Price -> Print Result -> Select First Flight     -> Skip Booking Summary -> Fill in Contact and Travel Details -> Continue -->
