<?xml version="1.0" encoding="UTF-8"?>
<!-- Generated by org.testng.reporters.JUnitXMLReporter -->
<testsuite ignored="0" hostname="Ivans-MacBook-Pro.local" failures="0" tests="2" name="001 Print List of Flights from HLP (Halim, Jakarta) to Yogyakarta" time="39.287" errors="0" timestamp="22 Aug 2018 13:16:06 GMT">
  <testcase classname="com.testing.traveloka.SplashScreen" name="ChooseCountryLanguage" time="7.473"/>
  <testcase classname="com.testing.traveloka.SplashScreen" name="SkipSplashScreen" time="10.383"/>
</testsuite> <!-- 001 Print List of flights from HLP (Halim, Jakarta) to Yogyakarta -->
