<?xml version="1.0" encoding="UTF-8"?>
<!-- Generated by org.testng.reporters.JUnitXMLReporter -->
<testsuite ignored="0" hostname="Ivans-MacBook-Pro.local" failures="0" tests="2" name="002 Print List of Flights from Surabaya to Bali" time="32.482" errors="0" timestamp="22 Aug 2018 13:16:39 GMT">
  <testcase classname="com.testing.traveloka.SplashScreen" name="ChooseCountryLanguage" time="6.585"/>
  <testcase classname="com.testing.traveloka.SplashScreen" name="SkipSplashScreen" time="10.397"/>
</testsuite> <!-- 002 Print List of flights from Surabaya to Bali -->
