<?xml version="1.0" encoding="UTF-8"?>
<!-- Generated by org.testng.reporters.JUnitXMLReporter -->
<testsuite ignored="1" hostname="Ivans-MacBook-Pro.local" failures="0" tests="5" name="Group Test" time="0.078" errors="0" timestamp="22 Aug 2018 07:15:25 GMT">
  <testcase classname="com.testing.tutorial.GroupTestExample" name="skipSplashScreen" time="0.017"/>
  <testcase classname="com.testing.tutorial.GroupTestExample" name="flightPurchase" time="0.0"/>
  <testcase classname="com.testing.tutorial.GroupTestExample" name="flightPurchase" time="0.0"/>
  <testcase classname="com.testing.tutorial.GroupTestExample" name="flightPurchase" time="0.0"/>
  <testcase classname="com.testing.tutorial.GroupTestExample" name="hotelPurchase" time="0.0"/>
  <testcase classname="com.testing.tutorial.GroupTestExample" name="payment" time="0.0">
    <ignored/>
  </testcase> <!-- payment -->
</testsuite> <!-- Group Test -->
