<?xml version="1.0" encoding="UTF-8"?>
<!-- Generated by org.testng.reporters.JUnitXMLReporter -->
<testsuite ignored="2" hostname="Ivans-MacBook-Pro.local" failures="0" tests="1" name="Search Flights" time="1.889" errors="0" timestamp="22 Aug 2018 12:20:12 GMT">
  <testcase classname="com.testing.traveloka.flights.SearchFlights" name="SearchFlights" time="1.887"/>
  <testcase classname="com.testing.traveloka.flights.SearchFlights" name="SetDestination" time="0.0">
    <ignored/>
  </testcase> <!-- SetDestination -->
  <testcase classname="com.testing.traveloka.flights.SearchFlights" name="SetOrigin" time="0.0">
    <ignored/>
  </testcase> <!-- SetOrigin -->
</testsuite> <!-- Search flights -->
