<?xml version="1.0" encoding="UTF-8"?>
<!-- Generated by org.testng.reporters.JUnitXMLReporter -->
<testsuite ignored="2" hostname="Ivans-MacBook-Pro.local" failures="0" tests="1" name="Set Origin to Yogyakarta" time="14.402" errors="0" timestamp="22 Aug 2018 12:20:11 GMT">
  <testcase classname="com.testing.traveloka.flights.SearchFlights" name="SetOrigin" time="14.395"/>
  <testcase classname="com.testing.traveloka.flights.SearchFlights" name="SetDestination" time="0.0">
    <ignored/>
  </testcase> <!-- SetDestination -->
  <testcase classname="com.testing.traveloka.flights.SearchFlights" name="SearchFlights" time="0.0">
    <ignored/>
  </testcase> <!-- SearchFlights -->
</testsuite> <!-- Set Origin to Yogyakarta -->
