<?xml version="1.0" encoding="UTF-8"?>
<!-- Generated by org.testng.reporters.JUnitXMLReporter -->
<testsuite ignored="0" hostname="Ivans-MacBook-Pro.local" failures="0" tests="2" name="Skip Splash Screen" time="21.877" errors="0" timestamp="22 Aug 2018 12:19:56 GMT">
  <testcase classname="com.testing.traveloka.SplashScreen" name="ChooseCountryLanguage" time="10.923"/>
  <testcase classname="com.testing.traveloka.SplashScreen" name="SkipSplashScreen" time="10.863"/>
</testsuite> <!-- Skip Splash Screen -->
